CRITICAL - 2024-03-14 15:13:04 --> Undefined array key 1
in APPPATH\Views\pages\exercise\workout.php on line 92.
 1 APPPATH\Views\pages\exercise\workout.php(92): CodeIgniter\Debug\Exceptions->errorHandler(2, 'Undefined array key 1', 'F:\\wamp64\\www\\FitnessAp\\app\\Views\\pages\\exercise\\workout.php', 92)
 2 SYSTEMPATH\View\View.php(228): include('F:\\wamp64\\www\\FitnessAp\\app\\Views\\pages\\exercise\\workout.php')
 3 SYSTEMPATH\View\View.php(231): CodeIgniter\View\View->CodeIgniter\View\{closure}()
 4 SYSTEMPATH\Common.php(1190): CodeIgniter\View\View->render('pages/exercise/workout', [], true)
 5 APPPATH\Controllers\Exercise\WorkoutController.php(45): view('pages/exercise/workout', [...])
 6 SYSTEMPATH\CodeIgniter.php(942): App\Controllers\Exercise\WorkoutController->index('1', '1')
 7 SYSTEMPATH\CodeIgniter.php(502): CodeIgniter\CodeIgniter->runController(Object(App\Controllers\Exercise\WorkoutController))
 8 SYSTEMPATH\CodeIgniter.php(361): CodeIgniter\CodeIgniter->handleRequest(null, Object(Config\Cache), false)
 9 FCPATH\index.php(79): CodeIgniter\CodeIgniter->run()
CRITICAL - 2024-03-14 15:13:14 --> Undefined array key 1
in APPPATH\Views\pages\exercise\workout.php on line 92.
 1 APPPATH\Views\pages\exercise\workout.php(92): CodeIgniter\Debug\Exceptions->errorHandler(2, 'Undefined array key 1', 'F:\\wamp64\\www\\FitnessAp\\app\\Views\\pages\\exercise\\workout.php', 92)
 2 SYSTEMPATH\View\View.php(228): include('F:\\wamp64\\www\\FitnessAp\\app\\Views\\pages\\exercise\\workout.php')
 3 SYSTEMPATH\View\View.php(231): CodeIgniter\View\View->CodeIgniter\View\{closure}()
 4 SYSTEMPATH\Common.php(1190): CodeIgniter\View\View->render('pages/exercise/workout', [], true)
 5 APPPATH\Controllers\Exercise\WorkoutController.php(45): view('pages/exercise/workout', [...])
 6 SYSTEMPATH\CodeIgniter.php(942): App\Controllers\Exercise\WorkoutController->index('1', '1')
 7 SYSTEMPATH\CodeIgniter.php(502): CodeIgniter\CodeIgniter->runController(Object(App\Controllers\Exercise\WorkoutController))
 8 SYSTEMPATH\CodeIgniter.php(361): CodeIgniter\CodeIgniter->handleRequest(null, Object(Config\Cache), false)
 9 FCPATH\index.php(79): CodeIgniter\CodeIgniter->run()
CRITICAL - 2024-03-14 15:19:01 --> Undefined array key 1
in APPPATH\Views\pages\exercise\workout.php on line 92.
 1 APPPATH\Views\pages\exercise\workout.php(92): CodeIgniter\Debug\Exceptions->errorHandler(2, 'Undefined array key 1', 'F:\\wamp64\\www\\FitnessAp\\app\\Views\\pages\\exercise\\workout.php', 92)
 2 SYSTEMPATH\View\View.php(228): include('F:\\wamp64\\www\\FitnessAp\\app\\Views\\pages\\exercise\\workout.php')
 3 SYSTEMPATH\View\View.php(231): CodeIgniter\View\View->CodeIgniter\View\{closure}()
 4 SYSTEMPATH\Common.php(1190): CodeIgniter\View\View->render('pages/exercise/workout', [], true)
 5 APPPATH\Controllers\Exercise\WorkoutController.php(45): view('pages/exercise/workout', [...])
 6 SYSTEMPATH\CodeIgniter.php(942): App\Controllers\Exercise\WorkoutController->index('1', '1')
 7 SYSTEMPATH\CodeIgniter.php(502): CodeIgniter\CodeIgniter->runController(Object(App\Controllers\Exercise\WorkoutController))
 8 SYSTEMPATH\CodeIgniter.php(361): CodeIgniter\CodeIgniter->handleRequest(null, Object(Config\Cache), false)
 9 FCPATH\index.php(79): CodeIgniter\CodeIgniter->run()
CRITICAL - 2024-03-14 15:19:08 --> Undefined array key 1
in APPPATH\Views\pages\exercise\workout.php on line 92.
 1 APPPATH\Views\pages\exercise\workout.php(92): CodeIgniter\Debug\Exceptions->errorHandler(2, 'Undefined array key 1', 'F:\\wamp64\\www\\FitnessAp\\app\\Views\\pages\\exercise\\workout.php', 92)
 2 SYSTEMPATH\View\View.php(228): include('F:\\wamp64\\www\\FitnessAp\\app\\Views\\pages\\exercise\\workout.php')
 3 SYSTEMPATH\View\View.php(231): CodeIgniter\View\View->CodeIgniter\View\{closure}()
 4 SYSTEMPATH\Common.php(1190): CodeIgniter\View\View->render('pages/exercise/workout', [], true)
 5 APPPATH\Controllers\Exercise\WorkoutController.php(45): view('pages/exercise/workout', [...])
 6 SYSTEMPATH\CodeIgniter.php(942): App\Controllers\Exercise\WorkoutController->index('1', '1')
 7 SYSTEMPATH\CodeIgniter.php(502): CodeIgniter\CodeIgniter->runController(Object(App\Controllers\Exercise\WorkoutController))
 8 SYSTEMPATH\CodeIgniter.php(361): CodeIgniter\CodeIgniter->handleRequest(null, Object(Config\Cache), false)
 9 FCPATH\index.php(79): CodeIgniter\CodeIgniter->run()
CRITICAL - 2024-03-14 17:46:34 --> Undefined array key 1
in APPPATH\Views\pages\exercise\workout.php on line 92.
 1 APPPATH\Views\pages\exercise\workout.php(92): CodeIgniter\Debug\Exceptions->errorHandler(2, 'Undefined array key 1', 'F:\\wamp64\\www\\FitnessAp\\app\\Views\\pages\\exercise\\workout.php', 92)
 2 SYSTEMPATH\View\View.php(228): include('F:\\wamp64\\www\\FitnessAp\\app\\Views\\pages\\exercise\\workout.php')
 3 SYSTEMPATH\View\View.php(231): CodeIgniter\View\View->CodeIgniter\View\{closure}()
 4 SYSTEMPATH\Common.php(1190): CodeIgniter\View\View->render('pages/exercise/workout', [], true)
 5 APPPATH\Controllers\Exercise\WorkoutController.php(45): view('pages/exercise/workout', [...])
 6 SYSTEMPATH\CodeIgniter.php(942): App\Controllers\Exercise\WorkoutController->index('1', '1')
 7 SYSTEMPATH\CodeIgniter.php(502): CodeIgniter\CodeIgniter->runController(Object(App\Controllers\Exercise\WorkoutController))
 8 SYSTEMPATH\CodeIgniter.php(361): CodeIgniter\CodeIgniter->handleRequest(null, Object(Config\Cache), false)
 9 FCPATH\index.php(79): CodeIgniter\CodeIgniter->run()
CRITICAL - 2024-03-14 18:03:41 --> CodeIgniter\Database\BaseBuilder::like(): Argument #2 ($match) must be of type string, array given, called in F:\wamp64\www\FitnessAp\vendor\codeigniter4\framework\system\Model.php on line 871
in SYSTEMPATH\Database\BaseBuilder.php on line 983.
 1 SYSTEMPATH\Model.php(871): CodeIgniter\Database\BaseBuilder->like('exercise_name', [...])
 2 APPPATH\Controllers\Exercise\AddExcerciseController.php(130): CodeIgniter\Model->__call('like', [...])
 3 SYSTEMPATH\CodeIgniter.php(942): App\Controllers\Exercise\AddExcerciseController->itemSearch()
 4 SYSTEMPATH\CodeIgniter.php(502): CodeIgniter\CodeIgniter->runController(Object(App\Controllers\Exercise\AddExcerciseController))
 5 SYSTEMPATH\CodeIgniter.php(361): CodeIgniter\CodeIgniter->handleRequest(null, Object(Config\Cache), false)
 6 FCPATH\index.php(79): CodeIgniter\CodeIgniter->run()
CRITICAL - 2024-03-14 18:03:42 --> CodeIgniter\Database\BaseBuilder::like(): Argument #2 ($match) must be of type string, array given, called in F:\wamp64\www\FitnessAp\vendor\codeigniter4\framework\system\Model.php on line 871
in SYSTEMPATH\Database\BaseBuilder.php on line 983.
 1 SYSTEMPATH\Model.php(871): CodeIgniter\Database\BaseBuilder->like('exercise_name', [...])
 2 APPPATH\Controllers\Exercise\AddExcerciseController.php(130): CodeIgniter\Model->__call('like', [...])
 3 SYSTEMPATH\CodeIgniter.php(942): App\Controllers\Exercise\AddExcerciseController->itemSearch()
 4 SYSTEMPATH\CodeIgniter.php(502): CodeIgniter\CodeIgniter->runController(Object(App\Controllers\Exercise\AddExcerciseController))
 5 SYSTEMPATH\CodeIgniter.php(361): CodeIgniter\CodeIgniter->handleRequest(null, Object(Config\Cache), false)
 6 FCPATH\index.php(79): CodeIgniter\CodeIgniter->run()
CRITICAL - 2024-03-14 18:03:42 --> CodeIgniter\Database\BaseBuilder::like(): Argument #2 ($match) must be of type string, array given, called in F:\wamp64\www\FitnessAp\vendor\codeigniter4\framework\system\Model.php on line 871
in SYSTEMPATH\Database\BaseBuilder.php on line 983.
 1 SYSTEMPATH\Model.php(871): CodeIgniter\Database\BaseBuilder->like('exercise_name', [...])
 2 APPPATH\Controllers\Exercise\AddExcerciseController.php(130): CodeIgniter\Model->__call('like', [...])
 3 SYSTEMPATH\CodeIgniter.php(942): App\Controllers\Exercise\AddExcerciseController->itemSearch()
 4 SYSTEMPATH\CodeIgniter.php(502): CodeIgniter\CodeIgniter->runController(Object(App\Controllers\Exercise\AddExcerciseController))
 5 SYSTEMPATH\CodeIgniter.php(361): CodeIgniter\CodeIgniter->handleRequest(null, Object(Config\Cache), false)
 6 FCPATH\index.php(79): CodeIgniter\CodeIgniter->run()
CRITICAL - 2024-03-14 18:03:43 --> CodeIgniter\Database\BaseBuilder::like(): Argument #2 ($match) must be of type string, array given, called in F:\wamp64\www\FitnessAp\vendor\codeigniter4\framework\system\Model.php on line 871
in SYSTEMPATH\Database\BaseBuilder.php on line 983.
 1 SYSTEMPATH\Model.php(871): CodeIgniter\Database\BaseBuilder->like('exercise_name', [...])
 2 APPPATH\Controllers\Exercise\AddExcerciseController.php(130): CodeIgniter\Model->__call('like', [...])
 3 SYSTEMPATH\CodeIgniter.php(942): App\Controllers\Exercise\AddExcerciseController->itemSearch()
 4 SYSTEMPATH\CodeIgniter.php(502): CodeIgniter\CodeIgniter->runController(Object(App\Controllers\Exercise\AddExcerciseController))
 5 SYSTEMPATH\CodeIgniter.php(361): CodeIgniter\CodeIgniter->handleRequest(null, Object(Config\Cache), false)
 6 FCPATH\index.php(79): CodeIgniter\CodeIgniter->run()
CRITICAL - 2024-03-14 18:03:43 --> CodeIgniter\Database\BaseBuilder::like(): Argument #2 ($match) must be of type string, array given, called in F:\wamp64\www\FitnessAp\vendor\codeigniter4\framework\system\Model.php on line 871
in SYSTEMPATH\Database\BaseBuilder.php on line 983.
 1 SYSTEMPATH\Model.php(871): CodeIgniter\Database\BaseBuilder->like('exercise_name', [...])
 2 APPPATH\Controllers\Exercise\AddExcerciseController.php(130): CodeIgniter\Model->__call('like', [...])
 3 SYSTEMPATH\CodeIgniter.php(942): App\Controllers\Exercise\AddExcerciseController->itemSearch()
 4 SYSTEMPATH\CodeIgniter.php(502): CodeIgniter\CodeIgniter->runController(Object(App\Controllers\Exercise\AddExcerciseController))
 5 SYSTEMPATH\CodeIgniter.php(361): CodeIgniter\CodeIgniter->handleRequest(null, Object(Config\Cache), false)
 6 FCPATH\index.php(79): CodeIgniter\CodeIgniter->run()
CRITICAL - 2024-03-14 18:03:44 --> strip_tags(): Argument #1 ($string) must be of type string, array given
in SYSTEMPATH\Validation\Validation.php on line 298.
 1 SYSTEMPATH\Validation\Validation.php(298): strip_tags([...])
 2 SYSTEMPATH\Validation\Validation.php(197): CodeIgniter\Validation\Validation->processRules('exercise', 'exercise', [...], [...], [...])
 3 APPPATH\Controllers\Exercise\ExcerciseController.php(64): CodeIgniter\Validation\Validation->run()
 4 SYSTEMPATH\CodeIgniter.php(942): App\Controllers\Exercise\ExcerciseController->create()
 5 SYSTEMPATH\CodeIgniter.php(502): CodeIgniter\CodeIgniter->runController(Object(App\Controllers\Exercise\ExcerciseController))
 6 SYSTEMPATH\CodeIgniter.php(361): CodeIgniter\CodeIgniter->handleRequest(null, Object(Config\Cache), false)
 7 FCPATH\index.php(79): CodeIgniter\CodeIgniter->run()
CRITICAL - 2024-03-14 18:03:46 --> CodeIgniter\Database\BaseBuilder::like(): Argument #2 ($match) must be of type string, array given, called in F:\wamp64\www\FitnessAp\vendor\codeigniter4\framework\system\Model.php on line 871
in SYSTEMPATH\Database\BaseBuilder.php on line 983.
 1 SYSTEMPATH\Model.php(871): CodeIgniter\Database\BaseBuilder->like('exercise_name', [...])
 2 APPPATH\Controllers\Exercise\AddExcerciseController.php(130): CodeIgniter\Model->__call('like', [...])
 3 SYSTEMPATH\CodeIgniter.php(942): App\Controllers\Exercise\AddExcerciseController->itemSearch()
 4 SYSTEMPATH\CodeIgniter.php(502): CodeIgniter\CodeIgniter->runController(Object(App\Controllers\Exercise\AddExcerciseController))
 5 SYSTEMPATH\CodeIgniter.php(361): CodeIgniter\CodeIgniter->handleRequest(null, Object(Config\Cache), false)
 6 FCPATH\index.php(79): CodeIgniter\CodeIgniter->run()
CRITICAL - 2024-03-14 18:03:47 --> CodeIgniter\Database\BaseBuilder::like(): Argument #2 ($match) must be of type string, array given, called in F:\wamp64\www\FitnessAp\vendor\codeigniter4\framework\system\Model.php on line 871
in SYSTEMPATH\Database\BaseBuilder.php on line 983.
 1 SYSTEMPATH\Model.php(871): CodeIgniter\Database\BaseBuilder->like('exercise_name', [...])
 2 APPPATH\Controllers\Exercise\AddExcerciseController.php(130): CodeIgniter\Model->__call('like', [...])
 3 SYSTEMPATH\CodeIgniter.php(942): App\Controllers\Exercise\AddExcerciseController->itemSearch()
 4 SYSTEMPATH\CodeIgniter.php(502): CodeIgniter\CodeIgniter->runController(Object(App\Controllers\Exercise\AddExcerciseController))
 5 SYSTEMPATH\CodeIgniter.php(361): CodeIgniter\CodeIgniter->handleRequest(null, Object(Config\Cache), false)
 6 FCPATH\index.php(79): CodeIgniter\CodeIgniter->run()
