CRITICAL - 2024-03-28 11:01:33 --> Class "App\Controllers\Exercise\ExerciseModel" not found
in APPPATH\Controllers\Exercise\AddExcerciseController.php on line 163.
 1 SYSTEMPATH\CodeIgniter.php(942): App\Controllers\Exercise\AddExcerciseController->delete('1')
 2 SYSTEMPATH\CodeIgniter.php(502): CodeIgniter\CodeIgniter->runController(Object(App\Controllers\Exercise\AddExcerciseController))
 3 SYSTEMPATH\CodeIgniter.php(361): CodeIgniter\CodeIgniter->handleRequest(null, Object(Config\Cache), false)
 4 FCPATH\index.php(79): CodeIgniter\CodeIgniter->run()
CRITICAL - 2024-03-28 11:51:57 --> Undefined variable $model
in APPPATH\Controllers\Exercise\AddExcerciseController.php on line 169.
 1 APPPATH\Controllers\Exercise\AddExcerciseController.php(169): CodeIgniter\Debug\Exceptions->errorHandler(2, 'Undefined variable $model', 'F:\\wamp64\\www\\FitnessAp\\app\\Controllers\\Exercise\\AddExcerciseController.php', 169)
 2 SYSTEMPATH\CodeIgniter.php(942): App\Controllers\Exercise\AddExcerciseController->delete('1')
 3 SYSTEMPATH\CodeIgniter.php(502): CodeIgniter\CodeIgniter->runController(Object(App\Controllers\Exercise\AddExcerciseController))
 4 SYSTEMPATH\CodeIgniter.php(361): CodeIgniter\CodeIgniter->handleRequest(null, Object(Config\Cache), false)
 5 FCPATH\index.php(79): CodeIgniter\CodeIgniter->run()
CRITICAL - 2024-03-28 07:36:58 --> syntax error, unexpected token ";", expecting "]"
in APPPATH\Controllers\Exercise\MembershipController.php on line 40.
 1 SYSTEMPATH\Autoloader\Autoloader.php(291): CodeIgniter\Autoloader\Autoloader->includeFile('F:\\wamp64\\www\\FitnessAp\\app\\Controllers\\Exercise\\MembershipController.php')
 2 SYSTEMPATH\Autoloader\Autoloader.php(269): CodeIgniter\Autoloader\Autoloader->loadInNamespace('App\\Controllers\\Exercise\\MembershipController')
 3 [internal function]: CodeIgniter\Autoloader\Autoloader->loadClass('App\\Controllers\\Exercise\\MembershipController')
 4 SYSTEMPATH\CodeIgniter.php(900): class_exists('\\App\\Controllers\\Exercise\\MembershipController', true)
 5 SYSTEMPATH\CodeIgniter.php(489): CodeIgniter\CodeIgniter->startController()
 6 SYSTEMPATH\CodeIgniter.php(361): CodeIgniter\CodeIgniter->handleRequest(null, Object(Config\Cache), false)
 7 FCPATH\index.php(79): CodeIgniter\CodeIgniter->run()
